WARNING: A terminally deprecated method in sun.misc.Unsafe has been called
WARNING: sun.misc.Unsafe::staticFieldBase has been called by com.google.inject.internal.aop.HiddenClassDefiner (file:/home/gdaserv/.m2/wrapper/dists/apache-maven-3.9.11/a2d47e15/lib/guice-5.1.0-classes.jar)
WARNING: Please consider reporting this to the maintainers of class com.google.inject.internal.aop.HiddenClassDefiner
WARNING: sun.misc.Unsafe::staticFieldBase will be removed in a future release
[INFO] Scanning for projects...
[INFO] 
[INFO] -------------------< com.gdainfor_api:gdainfor_api >--------------------
[INFO] Building gdainfor_api 0.0.1-SNAPSHOT
[INFO]   from pom.xml
[INFO] --------------------------------[ jar ]---------------------------------
[INFO] 
[INFO] >>> spring-boot:3.5.10:run (default-cli) > test-compile @ gdainfor_api >>>
[INFO] 
[INFO] --- resources:3.3.1:resources (default-resources) @ gdainfor_api ---
[INFO] Copying 1 resource from src/main/resources to target/classes
[INFO] Copying 0 resource from src/main/resources to target/classes
[INFO] 
[INFO] --- compiler:3.14.1:compile (default-compile) @ gdainfor_api ---
[INFO] Nothing to compile - all classes are up to date.
[INFO] 
[INFO] --- resources:3.3.1:testResources (default-testResources) @ gdainfor_api ---
[INFO] skip non existing resourceDirectory /home/gdaserv/Documentos/WorkSpaceFrom/curriculoGdaInfor/serv_dto/dto_serv/src/test/resources
[INFO] 
[INFO] --- compiler:3.14.1:testCompile (default-testCompile) @ gdainfor_api ---
[INFO] Nothing to compile - all classes are up to date.
[INFO] 
[INFO] <<< spring-boot:3.5.10:run (default-cli) < test-compile @ gdainfor_api <<<
[INFO] 
[INFO] 
[INFO] --- spring-boot:3.5.10:run (default-cli) @ gdainfor_api ---
[INFO] Attaching agents: []

  .   ____          _            __ _ _
 /\\ / ___'_ __ _ _(_)_ __  __ _ \ \ \ \
( ( )\___ | '_ | '_| | '_ \/ _` | \ \ \ \
 \\/  ___)| |_)| | | | | || (_| |  ) ) ) )
  '  |____| .__|_| |_|_| |_\__, | / / / /
 =========|_|==============|___/=/_/_/_/

 :: Spring Boot ::               (v3.5.10)

2026-03-28T11:38:57.831-03:00  INFO 63522 --- [           main] br.com.gdainfor.GdainforApiApplication   : Starting GdainforApiApplication using Java 25.0.2 with PID 63522 (/home/gdaserv/Documentos/WorkSpaceFrom/curriculoGdaInfor/serv_dto/dto_serv/target/classes started by gdaserv in /home/gdaserv/Documentos/WorkSpaceFrom/curriculoGdaInfor/serv_dto/dto_serv)
2026-03-28T11:38:57.838-03:00  INFO 63522 --- [           main] br.com.gdainfor.GdainforApiApplication   : No active profile set, falling back to 1 default profile: "default"
2026-03-28T11:39:03.827-03:00  INFO 63522 --- [           main] .s.d.r.c.RepositoryConfigurationDelegate : Bootstrapping Spring Data JPA repositories in DEFAULT mode.
2026-03-28T11:39:04.219-03:00  INFO 63522 --- [           main] .s.d.r.c.RepositoryConfigurationDelegate : Finished Spring Data repository scanning in 260 ms. Found 1 JPA repository interface.
2026-03-28T11:39:05.988-03:00  INFO 63522 --- [           main] o.s.b.w.embedded.tomcat.TomcatWebServer  : Tomcat initialized with port 8080 (http)
2026-03-28T11:39:06.030-03:00  INFO 63522 --- [           main] o.apache.catalina.core.StandardService   : Starting service [Tomcat]
2026-03-28T11:39:06.031-03:00  INFO 63522 --- [           main] o.apache.catalina.core.StandardEngine    : Starting Servlet engine: [Apache Tomcat/10.1.50]
2026-03-28T11:39:06.895-03:00  INFO 63522 --- [           main] o.a.c.c.C.[Tomcat].[localhost].[/]       : Initializing Spring embedded WebApplicationContext
2026-03-28T11:39:06.896-03:00  INFO 63522 --- [           main] w.s.c.ServletWebServerApplicationContext : Root WebApplicationContext: initialization completed in 8610 ms
2026-03-28T11:39:07.573-03:00  INFO 63522 --- [           main] o.hibernate.jpa.internal.util.LogHelper  : HHH000204: Processing PersistenceUnitInfo [name: default]
2026-03-28T11:39:08.236-03:00  INFO 63522 --- [           main] org.hibernate.Version                    : HHH000412: Hibernate ORM core version 6.6.41.Final
2026-03-28T11:39:08.525-03:00  INFO 63522 --- [           main] o.h.c.internal.RegionFactoryInitiator    : HHH000026: Second-level cache disabled
2026-03-28T11:39:11.791-03:00  INFO 63522 --- [           main] o.s.o.j.p.SpringPersistenceUnitInfo      : No LoadTimeWeaver setup: ignoring JPA class transformer
2026-03-28T11:39:12.395-03:00  INFO 63522 --- [           main] com.zaxxer.hikari.HikariDataSource       : HikariPool-1 - Starting...
2026-03-28T11:39:16.760-03:00  INFO 63522 --- [           main] com.zaxxer.hikari.pool.HikariPool        : HikariPool-1 - Added connection conn1: url=jdbc:h2:file:./data/curriculo user=SA
2026-03-28T11:39:16.782-03:00  INFO 63522 --- [           main] com.zaxxer.hikari.HikariDataSource       : HikariPool-1 - Start completed.
2026-03-28T11:39:17.232-03:00  INFO 63522 --- [           main] org.hibernate.orm.connections.pooling    : HHH10001005: Database info:
	Database JDBC URL [Connecting through datasource 'HikariDataSource (HikariPool-1)']
	Database driver: undefined/unknown
	Database version: 2.3.232
	Autocommit mode: undefined/unknown
	Isolation level: undefined/unknown
	Minimum pool size: undefined/unknown
	Maximum pool size: undefined/unknown
2026-03-28T11:39:18.697-03:00  INFO 63522 --- [           main] o.h.e.t.j.p.i.JtaPlatformInitiator       : HHH000489: No JTA platform available (set 'hibernate.transaction.jta.platform' to enable JTA platform integration)
2026-03-28T11:39:18.754-03:00  INFO 63522 --- [           main] j.LocalContainerEntityManagerFactoryBean : Initialized JPA EntityManagerFactory for persistence unit 'default'
2026-03-28T11:39:19.419-03:00  WARN 63522 --- [           main] JpaBaseConfiguration$JpaWebConfiguration : spring.jpa.open-in-view is enabled by default. Therefore, database queries may be performed during view rendering. Explicitly configure spring.jpa.open-in-view to disable this warning
2026-03-28T11:39:20.349-03:00  INFO 63522 --- [           main] o.s.b.a.h2.H2ConsoleAutoConfiguration    : H2 console available at '/h2-console'. Database available at 'jdbc:h2:file:./data/curriculo'
2026-03-28T11:39:20.581-03:00  INFO 63522 --- [           main] o.s.b.w.embedded.tomcat.TomcatWebServer  : Tomcat started on port 8080 (http) with context path '/'
2026-03-28T11:39:20.602-03:00  INFO 63522 --- [           main] br.com.gdainfor.GdainforApiApplication   : Started GdainforApiApplication in 26.8 seconds (process running for 27.756)
2026-03-28T11:39:58.357-03:00  INFO 63522 --- [nio-8080-exec-1] o.a.c.c.C.[Tomcat].[localhost].[/]       : Initializing Spring DispatcherServlet 'dispatcherServlet'
2026-03-28T11:39:58.375-03:00  INFO 63522 --- [nio-8080-exec-1] o.s.web.servlet.DispatcherServlet        : Initializing Servlet 'dispatcherServlet'
2026-03-28T11:39:58.377-03:00  INFO 63522 --- [nio-8080-exec-1] o.s.web.servlet.DispatcherServlet        : Completed initialization in 1 ms
Hibernate: select c1_0.id,c1_0.email,c1_0.mensagem,c1_0.nome from contato c1_0
